1610037350279	geckodriver	INFO	Listening on 127.0.0.1:1509
1610037353312	mozrunner::runner	INFO	Running command: "C:\\Program Files\\Mozilla Firefox\\firefox.exe" "--marionette" "-foreground" "-no-remote" "-profile" "C:\\Users\\ADMINI~1\\AppData\\Local\\Temp\\rust_mozprofilej72FBk"
Can't find symbol 'eglSwapBuffersWithDamageEXT'.
Can't find symbol 'eglSetDamageRegionKHR'.
console.warn: SearchSettings: "get: No settings file exists, new profile?" (new Error("", "(unknown module)"))
1610037357934	Marionette	INFO	Listening on port 1520
1610037358144	Marionette	WARN	TLS certificate errors will be ignored for this session
1610037367132	Marionette	INFO	Stopped listening on port 1520
1610037368049	geckodriver	INFO	Listening on 127.0.0.1:1604
1610037371049	mozrunner::runner	INFO	Running command: "C:\\Program Files\\Mozilla Firefox\\firefox.exe" "--marionette" "-foreground" "-no-remote" "-profile" "C:\\Users\\ADMINI~1\\AppData\\Local\\Temp\\rust_mozprofile0uBNNx"
Can't find symbol 'eglSwapBuffersWithDamageEXT'.
Can't find symbol 'eglSetDamageRegionKHR'.
console.warn: SearchSettings: "get: No settings file exists, new profile?" (new Error("", "(unknown module)"))
1610037374182	Marionette	INFO	Listening on port 1616
1610037374681	Marionette	WARN	TLS certificate errors will be ignored for this session
1610037379681	Marionette	INFO	Stopped listening on port 1616

###!!! [Child][RunMessage] Error: Channel closing: too late to send/recv, messages will be lost

1610063979146	geckodriver	INFO	Listening on 127.0.0.1:11091
1610063982171	mozrunner::runner	INFO	Running command: "C:\\Program Files\\Mozilla Firefox\\firefox.exe" "--marionette" "-foreground" "-no-remote" "-profile" "C:\\Users\\ADMINI~1\\AppData\\Local\\Temp\\rust_mozprofileXOuzas"
Can't find symbol 'eglSwapBuffersWithDamageEXT'.
Can't find symbol 'eglSetDamageRegionKHR'.
console.warn: SearchSettings: "get: No settings file exists, new profile?" (new Error("", "(unknown module)"))
1610063986033	Marionette	INFO	Listening on port 11099
1610063986363	Marionette	WARN	TLS certificate errors will be ignored for this session
1610063991698	Marionette	INFO	Stopped listening on port 11099

###!!! [Child][RunMessage] Error: Channel closing: too late to send/recv, messages will be lost

1610064109286	geckodriver	INFO	Listening on 127.0.0.1:11303
1610064112306	mozrunner::runner	INFO	Running command: "C:\\Program Files\\Mozilla Firefox\\firefox.exe" "--marionette" "-foreground" "-no-remote" "-profile" "C:\\Users\\ADMINI~1\\AppData\\Local\\Temp\\rust_mozprofileXL8G6i"
Can't find symbol 'eglSwapBuffersWithDamageEXT'.
Can't find symbol 'eglSetDamageRegionKHR'.
console.warn: SearchSettings: "get: No settings file exists, new profile?" (new Error("", "(unknown module)"))
1610064115804	Marionette	INFO	Listening on port 11318
1610064115947	Marionette	WARN	TLS certificate errors will be ignored for this session
1610064120365	Marionette	INFO	Stopped listening on port 11318

###!!! [Child][RunMessage] Error: Channel closing: too late to send/recv, messages will be lost

1610064521349	geckodriver	INFO	Listening on 127.0.0.1:12095
1610064524374	mozrunner::runner	INFO	Running command: "C:\\Program Files\\Mozilla Firefox\\firefox.exe" "--marionette" "-foreground" "-no-remote" "-profile" "C:\\Users\\ADMINI~1\\AppData\\Local\\Temp\\rust_mozprofileTKcVKV"
Can't find symbol 'eglSwapBuffersWithDamageEXT'.
Can't find symbol 'eglSetDamageRegionKHR'.
console.warn: SearchSettings: "get: No settings file exists, new profile?" (new Error("", "(unknown module)"))
1610064527827	Marionette	INFO	Listening on port 12108
1610064528021	Marionette	WARN	TLS certificate errors will be ignored for this session
1610064532808	Marionette	INFO	Stopped listening on port 12108

###!!! [Child][RunMessage] Error: Channel closing: too late to send/recv, messages will be lost

1610064562139	geckodriver	INFO	Listening on 127.0.0.1:12261
1610064565149	mozrunner::runner	INFO	Running command: "C:\\Program Files\\Mozilla Firefox\\firefox.exe" "--marionette" "-foreground" "-no-remote" "-profile" "C:\\Users\\ADMINI~1\\AppData\\Local\\Temp\\rust_mozprofileAPxZjy"
Can't find symbol 'eglSwapBuffersWithDamageEXT'.
Can't find symbol 'eglSetDamageRegionKHR'.
console.warn: SearchSettings: "get: No settings file exists, new profile?" (new Error("", "(unknown module)"))
1610064568387	Marionette	INFO	Listening on port 12273
1610064568798	Marionette	WARN	TLS certificate errors will be ignored for this session
1610064574565	Marionette	INFO	Stopped listening on port 12273

###!!! [Child][RunMessage] Error: Channel closing: too late to send/recv, messages will be lost

